<?xml version="1.0" encoding="UTF-8"?>
<!-- Generated by org.testng.reporters.JUnitXMLReporter -->
<testsuite ignored="10" hostname="SKCHNLAP395" failures="0" tests="5" name="Test" time="12.295" errors="0" timestamp="2023-03-22T11:56:23 IST">
  <testcase classname="testScripts.SelfAssessment_Adolescent_BeforeLogin" name="selfAssessment_Adolescent_Questions" time="1.133"/>
  <testcase classname="testScripts.Assessment_Completion" name="assessment_Completion" time="0.196"/>
  <testcase classname="testScripts.Login_Patient" name="login_patient" time="0.541"/>
  <testcase classname="testScripts.ProfileList" name="profileList" time="2.719"/>
  <testcase classname="testScripts.SelfAssessment_Adolescent_Result" name="selfAssessment_Adolescent_Result" time="1.342"/>
  <testcase classname="testScripts.CommonFunctions" name="@AfterTest tearDown" time="0.0">
    <ignored/>
  </testcase> <!-- @AfterTest tearDown -->
  <testcase classname="testScripts.CommonFunctions" name="@AfterTest tearDown" time="0.0">
    <ignored/>
  </testcase> <!-- @AfterTest tearDown -->
  <testcase classname="testScripts.CommonFunctions" name="@AfterTest tearDown" time="0.0">
    <ignored/>
  </testcase> <!-- @AfterTest tearDown -->
  <testcase classname="testScripts.CommonFunctions" name="@AfterTest tearDown" time="0.0">
    <ignored/>
  </testcase> <!-- @AfterTest tearDown -->
  <testcase classname="testScripts.CommonFunctions" name="@AfterTest tearDown" time="0.0">
    <ignored/>
  </testcase> <!-- @AfterTest tearDown -->
  <testcase classname="testScripts.CommonFunctions" name="@BeforeTest browserLaunch" time="0.0">
    <ignored/>
  </testcase> <!-- @BeforeTest browserLaunch -->
  <testcase classname="testScripts.CommonFunctions" name="@BeforeTest browserLaunch" time="0.0">
    <ignored/>
  </testcase> <!-- @BeforeTest browserLaunch -->
  <testcase classname="testScripts.CommonFunctions" name="@BeforeTest browserLaunch" time="0.0">
    <ignored/>
  </testcase> <!-- @BeforeTest browserLaunch -->
  <testcase classname="testScripts.CommonFunctions" name="@BeforeTest browserLaunch" time="0.0">
    <ignored/>
  </testcase> <!-- @BeforeTest browserLaunch -->
  <testcase classname="testScripts.CommonFunctions" name="@BeforeTest browserLaunch" time="0.0">
    <ignored/>
  </testcase> <!-- @BeforeTest browserLaunch -->
</testsuite> <!-- Test -->
